<?xml version="1.0" encoding="UTF-8"?>
<!-- Generated by org.testng.reporters.JUnitXMLReporter -->
<testsuite hostname="ANIMALWIN10" ignored="0" name="Default test" tests="3" failures="0" timestamp="08 8 2018 13:32:16 GMT" time="0.035" errors="0">
  <testcase name="exceptionTest" time="0.003" classname="mit.javaseminar.oo.lesson05.biz.com.wareki.TestNGSample"/>
  <testcase name="verifyAdd1" time="0.002" classname="mit.javaseminar.oo.lesson05.biz.com.wareki.TestNGSample"/>
  <testcase name="verifyAdd2" time="0.0" classname="mit.javaseminar.oo.lesson05.biz.com.wareki.TestNGSample"/>
</testsuite> <!-- Default test -->
