<?xml version="1.0" encoding="UTF-8"?>
<!-- Generated by org.testng.reporters.JUnitXMLReporter -->
<testsuite hostname="ANIMALWIN10" ignored="0" name="Default test" tests="3" failures="0" timestamp="18 8 2018 04:16:20 GMT" time="0.062" errors="0">
  <testcase name="exceptionTest" time="0.005" classname="mit.javaseminar.oo.lesson05.biz.com.wareki.TestNGSample"/>
  <testcase name="verifyAdd1" time="0.003" classname="mit.javaseminar.oo.lesson05.biz.com.wareki.TestNGSample"/>
  <testcase name="verifyAdd2" time="0.001" classname="mit.javaseminar.oo.lesson05.biz.com.wareki.TestNGSample"/>
</testsuite> <!-- Default test -->
